#
# A fatal error has been detected by the Java Runtime Environment:
#
#  SIGBUS (0xa) at pc=0x000000010c3a671d, pid=5648, tid=0x0000000000002b03
#
# JRE version: Java(TM) SE Runtime Environment (8.0_152-b04) (build 1.8.0_152-ea-b04)
# Java VM: Java HotSpot(TM) 64-Bit Server VM (25.152-b04 mixed mode bsd-amd64 compressed oops)
# Problematic frame:
# V  [libjvm.dylib+0x1a671d]
#
# Failed to write core dump. Core dumps have been disabled. To enable core dumping, try "ulimit -c unlimited" before starting Java again
#
# If you would like to submit a bug report, please visit:
#   http://bugreport.java.com/bugreport/crash.jsp
#

---------------  T H R E A D  ---------------

Current thread (0x00007fc3be013000):  GCTaskThread [stack: 0x000070000c810000,0x000070000c910000] [id=11011]

siginfo: si_signo: 10 (SIGBUS), si_code: 2 (BUS_ADRERR), si_addr: 0x00000007c203fe48

Registers:
RAX=0x000000010c9eb000, RBX=0x0000000000000011, RCX=0x0000000000000003, RDX=0x0000000000000001
RSP=0x000070000c90fc00, RBP=0x000070000c90fc00, RSI=0x00000007b262a668, RDI=0x00000007c203fe40
R8 =0x000000010ca97c10, R9 =0x00000007b2272950, R10=0x00000007b227a950, R11=0xffffffffffc4f648
R12=0x000000010ca924f5, R13=0x00000007b2279c71, R14=0x00007fc3be02df40, R15=0x00007fc3be02dfd8
RIP=0x000000010c3a671d, EFLAGS=0x0000000000010202, ERR=0x0000000000000004
  TRAPNO=0x000000000000000e

Top of Stack: (sp=0x000070000c90fc00)
0x000070000c90fc00:   000070000c90fc70 000000010c699209
0x000070000c90fc10:   000070000c90fc80 00000007b262a668
0x000070000c90fc20:   00000007b2272950 0000000000001000
0x000070000c90fc30:   00007fc3be02df40 0000000000000011
0x000070000c90fc40:   0000000000000019 00000007b2279c71
0x000070000c90fc50:   000000010ca924f5 00000007b2279c71
0x000070000c90fc60:   00000007b2279c70 00007fc3be02dfd8
0x000070000c90fc70:   000070000c90fc90 000000010c69971f
0x000070000c90fc80:   00007fc3be02df40 00007fc3be02dfa0
0x000070000c90fc90:   000070000c90fcf0 000000010c69873d
0x000070000c90fca0:   000070000c90fcd0 000000010c42bbf1
0x000070000c90fcb0:   00000007b2279c71 0000000000000000
0x000070000c90fcc0:   00007fc3bd4f9840 00007fc3be02df40
0x000070000c90fcd0:   0000000000000000 000000010c7df80c
0x000070000c90fce0:   00007fc3bd4f9840 0000000000000001
0x000070000c90fcf0:   000070000c90fdb0 000000010c69c198
0x000070000c90fd00:   0000000000000001 0000000000000000
0x000070000c90fd10:   0000000000000000 00007fc3bce17220
0x000070000c90fd20:   000070000c90fd50 00007fc3bce103d0
0x000070000c90fd30:   000070000c90fd60 000000010c637b2d
0x000070000c90fd40:   00007fc3be02df40 000000010c6373fc
0x000070000c90fd50:   00007fc3be013000 00007fc3bce0c240
0x000070000c90fd60:   000070000c90fd80 000000010c47124f
0x000070000c90fd70:   00007fc3bd4f9840 000000010c9e9b60
0x000070000c90fd80:   000070000c90fd00 00007fc3be02df40
0x000070000c90fd90:   000000010c9e9a70 00007fc3bce0c100
0x000070000c90fda0:   00007fc3be02df40 00007fc3be013000
0x000070000c90fdb0:   000070000c90fe90 000000010c4717c7
0x000070000c90fdc0:   000070000c90fdf0 00007fc3bce0e4d0
0x000070000c90fdd0:   00007fc3bce0e500 00007fc3bce0e510
0x000070000c90fde0:   00007fc3bce0e8e8 00000000000003d8
0x000070000c90fdf0:   00007fc3be013000 00007fc3bce0e8f0 

Instructions: (pc=0x000000010c3a671d)
0x000000010c3a66fd:   84 d2 48 89 fe 74 15 48 8d 05 f5 48 64 00 8a 48
0x000000010c3a670d:   08 8b 7e 08 48 d3 e7 48 03 38 eb 04 48 8b 7e 08
0x000000010c3a671d:   8b 47 08 85 c0 7e 09 a8 01 75 4e c1 f8 03 eb 47
0x000000010c3a672d:   85 c0 7f 43 85 c0 79 41 84 d2 0f 94 c1 0f b6 c9 

Register to memory mapping:

RAX=0x000000010c9eb000: _ZN8Universe13_narrow_klassE+0 in /Library/Java/JavaVirtualMachines/jdk1.8.0_152.jdk/Contents/Home/jre/lib/server/libjvm.dylib at 0x000000010c200000
RBX=0x0000000000000011 is an unknown value
RCX=0x0000000000000003 is an unknown value
RDX=0x0000000000000001 is an unknown value
RSP=0x000070000c90fc00 is an unknown value
RBP=0x000070000c90fc00 is an unknown value
RSI=0x00000007b262a668 is an oop

[error occurred during error reporting (printing register info), id 0xa]

Stack: [0x000070000c810000,0x000070000c910000],  sp=0x000070000c90fc00,  free space=1023k
Native frames: (J=compiled Java code, j=interpreted, Vv=VM code, C=native code)
V  [libjvm.dylib+0x1a671d]
V  [libjvm.dylib+0x499209]
V  [libjvm.dylib+0x49971f]
V  [libjvm.dylib+0x49873d]
V  [libjvm.dylib+0x49c198]
V  [libjvm.dylib+0x2717c7]
V  [libjvm.dylib+0x45cef2]
C  [libsystem_pthread.dylib+0x393b]  _pthread_body+0xb4
C  [libsystem_pthread.dylib+0x3887]  _pthread_body+0x0
C  [libsystem_pthread.dylib+0x308d]  thread_start+0xd


---------------  P R O C E S S  ---------------

Java Threads: ( => current thread )
  0x00007fc3be808800 JavaThread "Service Thread" daemon [_thread_blocked, id=18691, stack(0x000070000d028000,0x000070000d128000)]
  0x00007fc3be815800 JavaThread "C1 CompilerThread2" daemon [_thread_blocked, id=18179, stack(0x000070000cf25000,0x000070000d025000)]
  0x00007fc3be021000 JavaThread "C2 CompilerThread1" daemon [_thread_blocked, id=17667, stack(0x000070000ce22000,0x000070000cf22000)]
  0x00007fc3bd008800 JavaThread "C2 CompilerThread0" daemon [_thread_in_native, id=17155, stack(0x000070000cd1f000,0x000070000ce1f000)]
  0x00007fc3bd00f800 JavaThread "Signal Dispatcher" daemon [_thread_blocked, id=16643, stack(0x000070000cc1c000,0x000070000cd1c000)]
  0x00007fc3bd835000 JavaThread "Finalizer" daemon [_thread_blocked, id=12547, stack(0x000070000cb19000,0x000070000cc19000)]
  0x00007fc3bd82e800 JavaThread "Reference Handler" daemon [_thread_blocked, id=12035, stack(0x000070000ca16000,0x000070000cb16000)]
  0x00007fc3be006000 JavaThread "main" [_thread_blocked, id=7171, stack(0x000070000c404000,0x000070000c504000)]

Other Threads:
  0x00007fc3be02e800 VMThread [stack: 0x000070000c913000,0x000070000ca13000] [id=11523]
  0x00007fc3be816800 WatcherThread [stack: 0x000070000d12b000,0x000070000d22b000] [id=19203]

=>0x00007fc3be013000 (exited) GCTaskThread [stack: 0x000070000c810000,0x000070000c910000] [id=11011]

VM state:at safepoint (normal execution)

VM Mutex/Monitor currently owned by a thread:  ([mutex/lock_event])
[0x00007fc3bce02e50] Threads_lock - owner thread: 0x00007fc3be02e800
[0x00007fc3bce03350] Heap_lock - owner thread: 0x00007fc3be006000

Heap:
 PSYoungGen      total 38400K, used 22625K [0x00000007b0000000, 0x00000007b2a80000, 0x00000007c0000000)
  eden space 33280K, 52% used [0x00000007b0000000,0x00000007b111f880,0x00000007b2080000)
  from space 5120K, 99% used [0x00000007b2580000,0x00000007b2a78d90,0x00000007b2a80000)
  to   space 5120K, 66% used [0x00000007b2080000,0x00000007b23cf498,0x00000007b2580000)
 ParOldGen       total 87552K, used 3183K [0x0000000790000000, 0x0000000795580000, 0x00000007b0000000)
  object space 87552K, 3% used [0x0000000790000000,0x000000079031bca0,0x0000000795580000)
 Metaspace       used 20849K, capacity 21152K, committed 21296K, reserved 1067008K
  class space    used 3571K, capacity 3656K, committed 3712K, reserved 1048576K

Card table byte_map: [0x000000011c601000,0x000000011c782000] byte_map_base: 0x0000000118981000

Marking Bits: (ParMarkBitMap*) 0x000000010ca97890
 Begin Bits: [0x000000011c782000, 0x000000011d382000)
 End Bits:   [0x000000011d382000, 0x000000011df82000)

Polling page: 0x000000010b8d5000

CodeCache: size=245760Kb used=3594Kb max_used=3594Kb free=242165Kb
 bounds [0x000000010d601000, 0x000000010d991000, 0x000000011c601000]
 total_blobs=1520 nmethods=1172 adapters=262
 compilation: enabled

Compilation events (10 events):
Event: 10.004 Thread 0x00007fc3be815800 1170       1       scala.reflect.internal.StdNames$TypeNames::scala$reflect$internal$StdNames$TypeNames$$$outer (5 bytes)
Event: 10.004 Thread 0x00007fc3be815800 nmethod 1170 0x000000010d9853d0 code [0x000000010d985520, 0x000000010d985630]
Event: 10.004 Thread 0x00007fc3be815800 1169       1       scala.reflect.internal.StdNames$JavaKeywords::kw (5 bytes)
Event: 10.004 Thread 0x00007fc3be815800 nmethod 1169 0x000000010d985690 code [0x000000010d9857e0, 0x000000010d9858f0]
Event: 10.010 Thread 0x00007fc3be815800 1171       1       scala.reflect.runtime.JavaMirrors$JavaMirror::classLoader (5 bytes)
Event: 10.010 Thread 0x00007fc3be815800 nmethod 1171 0x000000010d985950 code [0x000000010d985aa0, 0x000000010d985bb0]
Event: 10.034 Thread 0x00007fc3be815800 1173       1       java.util.HashMap::afterNodeAccess (1 bytes)
Event: 10.034 Thread 0x00007fc3be815800 nmethod 1173 0x000000010d985c10 code [0x000000010d985d60, 0x000000010d985e70]
Event: 10.034 Thread 0x00007fc3be815800 1172       1       scala.collection.mutable.ArrayOps$ofRef::repr (5 bytes)
Event: 10.035 Thread 0x00007fc3be815800 nmethod 1172 0x000000010d985ed0 code [0x000000010d986020, 0x000000010d986130]

GC Heap History (5 events):
Event: 4.234 GC heap before
{Heap before GC invocations=1 (full 0):
 PSYoungGen      total 38400K, used 33280K [0x00000007b0000000, 0x00000007b2a80000, 0x00000007c0000000)
  eden space 33280K, 100% used [0x00000007b0000000,0x00000007b2080000,0x00000007b2080000)
  from space 5120K, 0% used [0x00000007b2580000,0x00000007b2580000,0x00000007b2a80000)
  to   space 5120K, 0% used [0x00000007b2080000,0x00000007b2080000,0x00000007b2580000)
 ParOldGen       total 87552K, used 0K [0x0000000790000000, 0x0000000795580000, 0x00000007b0000000)
  object space 87552K, 0% used [0x0000000790000000,0x0000000790000000,0x0000000795580000)
 Metaspace       used 10447K, capacity 11404K, committed 11520K, reserved 1058816K
  class space    used 1679K, capacity 1756K, committed 1792K, reserved 1048576K
Event: 4.259 GC heap after
Heap after GC invocations=1 (full 0):
 PSYoungGen      total 38400K, used 5105K [0x00000007b0000000, 0x00000007b2a80000, 0x00000007c0000000)
  eden space 33280K, 0% used [0x00000007b0000000,0x00000007b0000000,0x00000007b2080000)
  from space 5120K, 99% used [0x00000007b2080000,0x00000007b257c7a0,0x00000007b2580000)
  to   space 5120K, 0% used [0x00000007b2580000,0x00000007b2580000,0x00000007b2a80000)
 ParOldGen       total 87552K, used 1616K [0x0000000790000000, 0x0000000795580000, 0x00000007b0000000)
  object space 87552K, 1% used [0x0000000790000000,0x00000007901941f8,0x0000000795580000)
 Metaspace       used 10447K, capacity 11404K, committed 11520K, reserved 1058816K
  class space    used 1679K, capacity 1756K, committed 1792K, reserved 1048576K
}
Event: 7.915 GC heap before
{Heap before GC invocations=2 (full 0):
 PSYoungGen      total 38400K, used 38385K [0x00000007b0000000, 0x00000007b2a80000, 0x00000007c0000000)
  eden space 33280K, 100% used [0x00000007b0000000,0x00000007b2080000,0x00000007b2080000)
  from space 5120K, 99% used [0x00000007b2080000,0x00000007b257c7a0,0x00000007b2580000)
  to   space 5120K, 0% used [0x00000007b2580000,0x00000007b2580000,0x00000007b2a80000)
 ParOldGen       total 87552K, used 1616K [0x0000000790000000, 0x0000000795580000, 0x00000007b0000000)
  object space 87552K, 1% used [0x0000000790000000,0x00000007901941f8,0x0000000795580000)
 Metaspace       used 16135K, capacity 16480K, committed 16768K, reserved 1062912K
  class space    used 2721K, capacity 2824K, committed 2944K, reserved 1048576K
Event: 7.929 GC heap after
Heap after GC invocations=2 (full 0):
 PSYoungGen      total 38400K, used 5091K [0x00000007b0000000, 0x00000007b2a80000, 0x00000007c0000000)
  eden space 33280K, 0% used [0x00000007b0000000,0x00000007b0000000,0x00000007b2080000)
  from space 5120K, 99% used [0x00000007b2580000,0x00000007b2a78d90,0x00000007b2a80000)
  to   space 5120K, 0% used [0x00000007b2080000,0x00000007b2080000,0x00000007b2580000)
 ParOldGen       total 87552K, used 3175K [0x0000000790000000, 0x0000000795580000, 0x00000007b0000000)
  object space 87552K, 3% used [0x0000000790000000,0x0000000790319ca0,0x0000000795580000)
 Metaspace       used 16135K, capacity 16480K, committed 16768K, reserved 1062912K
  class space    used 2721K, capacity 2824K, committed 2944K, reserved 1048576K
}
Event: 10.043 GC heap before
{Heap before GC invocations=3 (full 0):
 PSYoungGen      total 38400K, used 22625K [0x00000007b0000000, 0x00000007b2a80000, 0x00000007c0000000)
  eden space 33280K, 52% used [0x00000007b0000000,0x00000007b111f880,0x00000007b2080000)
  from space 5120K, 99% used [0x00000007b2580000,0x00000007b2a78d90,0x00000007b2a80000)
  to   space 5120K, 0% used [0x00000007b2080000,0x00000007b2080000,0x00000007b2580000)
 ParOldGen       total 87552K, used 3175K [0x0000000790000000, 0x0000000795580000, 0x00000007b0000000)
  object space 87552K, 3% used [0x0000000790000000,0x0000000790319ca0,0x0000000795580000)
 Metaspace       used 20849K, capacity 21152K, committed 21296K, reserved 1067008K
  class space    used 3571K, capacity 3656K, committed 3712K, reserved 1048576K

Deoptimization events (7 events):
Event: 0.737 Thread 0x00007fc3be006000 Uncommon trap: reason=unstable_if action=reinterpret pc=0x000000010d7c139c method=java.lang.String.lastIndexOf([CII[CIII)I @ 118
Event: 4.343 Thread 0x00007fc3be006000 Uncommon trap: reason=unstable_if action=reinterpret pc=0x000000010d7bbf3c method=java.lang.String.indexOf([CII[CIII)I @ 3
Event: 4.554 Thread 0x00007fc3be006000 Uncommon trap: reason=unstable_if action=reinterpret pc=0x000000010d801624 method=java.lang.CharacterDataLatin1.toUpperCase(I)I @ 12
Event: 4.890 Thread 0x00007fc3be006000 Uncommon trap: reason=unstable_if action=reinterpret pc=0x000000010d7dd2c8 method=sun.misc.MetaIndex.mayContain(Ljava/lang/String;)Z @ 38
Event: 6.418 Thread 0x00007fc3be006000 Uncommon trap: reason=unstable_if action=reinterpret pc=0x000000010d8cc664 method=java.util.regex.Pattern$BmpCharProperty.match(Ljava/util/regex/Matcher;ILjava/lang/CharSequence;)Z @ 5
Event: 9.726 Thread 0x00007fc3be006000 Uncommon trap: reason=unstable_if action=reinterpret pc=0x000000010d7f4b88 method=java.util.HashMap.getNode(ILjava/lang/Object;)Ljava/util/HashMap$Node; @ 62
Event: 9.727 Thread 0x00007fc3be006000 Uncommon trap: reason=unstable_if action=reinterpret pc=0x000000010d7ee478 method=java.util.HashMap.getNode(ILjava/lang/Object;)Ljava/util/HashMap$Node; @ 62

Classes redefined (0 events):
No events

Internal exceptions (10 events):
Event: 4.563 Thread 0x00007fc3be006000 Exception <a 'java/io/FileNotFoundException'> (0x00000007b018ca30) thrown at [/Users/java_re/workspace/8-2-build-macosx-x86_64/jdk8u152/9136.nc/hotspot/src/share/vm/prims/jni.cpp, line 709]
Event: 6.729 Thread 0x00007fc3be006000 Exception <a 'java/lang/ClassNotFoundException': com/sun/tools/javac/api/JavacTool> (0x00000007b1812508) thrown at [/Users/java_re/workspace/8-2-build-macosx-x86_64/jdk8u152/9136.nc/hotspot/src/share/vm/classfile/systemDictionary.cpp, line 210]
Event: 9.855 Thread 0x00007fc3be006000 Exception <a 'java/lang/ClassNotFoundException': <root>/package> (0x00000007b0f27230) thrown at [/Users/java_re/workspace/8-2-build-macosx-x86_64/jdk8u152/9136.nc/hotspot/src/share/vm/classfile/systemDictionary.cpp, line 210]
Event: 9.863 Thread 0x00007fc3be006000 Exception <a 'java/lang/ClassNotFoundException': <root>/java> (0x00000007b0f3d860) thrown at [/Users/java_re/workspace/8-2-build-macosx-x86_64/jdk8u152/9136.nc/hotspot/src/share/vm/classfile/systemDictionary.cpp, line 210]
Event: 9.863 Thread 0x00007fc3be006000 Exception <a 'java/lang/ClassNotFoundException': java/package> (0x00000007b0f3e788) thrown at [/Users/java_re/workspace/8-2-build-macosx-x86_64/jdk8u152/9136.nc/hotspot/src/share/vm/classfile/systemDictionary.cpp, line 210]
Event: 9.863 Thread 0x00007fc3be006000 Exception <a 'java/lang/ClassNotFoundException': java/lang> (0x00000007b0f3f2c8) thrown at [/Users/java_re/workspace/8-2-build-macosx-x86_64/jdk8u152/9136.nc/hotspot/src/share/vm/classfile/systemDictionary.cpp, line 210]
Event: 9.864 Thread 0x00007fc3be006000 Exception <a 'java/lang/ClassNotFoundException': java/lang/package> (0x00000007b0f40518) thrown at [/Users/java_re/workspace/8-2-build-macosx-x86_64/jdk8u152/9136.nc/hotspot/src/share/vm/classfile/systemDictionary.cpp, line 210]
Event: 10.010 Thread 0x00007fc3be006000 Exception <a 'java/lang/ClassNotFoundException': scala/reflect/ScalaSignature> (0x00000007b1060be0) thrown at [/Users/java_re/workspace/8-2-build-macosx-x86_64/jdk8u152/9136.nc/hotspot/src/share/vm/classfile/systemDictionary.cpp, line 210]
Event: 10.011 Thread 0x00007fc3be006000 Exception <a 'java/lang/ClassNotFoundException': scala/reflect/ScalaLongSignature> (0x00000007b10614c0) thrown at [/Users/java_re/workspace/8-2-build-macosx-x86_64/jdk8u152/9136.nc/hotspot/src/share/vm/classfile/systemDictionary.cpp, line 210]
Event: 10.039 Thread 0x00007fc3be006000 Exception <a 'java/lang/ArrayIndexOutOfBoundsException'> (0x00000007b10999a0) thrown at [/Users/java_re/workspace/8-2-build-macosx-x86_64/jdk8u152/9136.nc/hotspot/src/share/vm/runtime/sharedRuntime.cpp, line 605]

Events (10 events):
Event: 10.034 loading class sun/reflect/generics/tree/FormalTypeParameter done
Event: 10.034 loading class java/lang/ArrayIndexOutOfBoundsException
Event: 10.034 loading class java/lang/ArrayIndexOutOfBoundsException done
Event: 10.039 loading class sun/reflect/generics/tree/ClassSignature
Event: 10.040 loading class sun/reflect/generics/tree/Signature
Event: 10.040 loading class sun/reflect/generics/tree/Signature done
Event: 10.040 loading class sun/reflect/generics/tree/ClassSignature done
Event: 10.042 loading class java/lang/reflect/TypeVariable
Event: 10.042 loading class java/lang/reflect/TypeVariable done
Event: 10.042 Executing VM operation: CollectForMetadataAllocation


Dynamic libraries:
0x0000000043113000 	/System/Library/Frameworks/Cocoa.framework/Versions/A/Cocoa
0x0000000043113000 	/System/Library/Frameworks/Security.framework/Versions/A/Security
0x0000000043113000 	/System/Library/Frameworks/ApplicationServices.framework/Versions/A/ApplicationServices
0x0000000043113000 	/usr/lib/libz.1.dylib
0x0000000043113000 	/usr/lib/libSystem.B.dylib
0x0000000043113000 	/usr/lib/libobjc.A.dylib
0x0000000043113000 	/System/Library/Frameworks/CoreFoundation.framework/Versions/A/CoreFoundation
0x0000000043113000 	/System/Library/Frameworks/Foundation.framework/Versions/C/Foundation
0x0000000043113000 	/System/Library/Frameworks/AppKit.framework/Versions/C/AppKit
0x0000000043113000 	/System/Library/Frameworks/CoreData.framework/Versions/A/CoreData
0x0000000043113000 	/System/Library/PrivateFrameworks/RemoteViewServices.framework/Versions/A/RemoteViewServices
0x0000000043113000 	/System/Library/PrivateFrameworks/UIFoundation.framework/Versions/A/UIFoundation
0x0000000043113000 	/System/Library/PrivateFrameworks/DFRFoundation.framework/Versions/A/DFRFoundation
0x0000000043113000 	/usr/lib/libenergytrace.dylib
0x0000000043113000 	/System/Library/PrivateFrameworks/SkyLight.framework/Versions/A/SkyLight
0x0000000043113000 	/System/Library/Frameworks/CoreGraphics.framework/Versions/A/CoreGraphics
0x0000000043113000 	/usr/lib/libScreenReader.dylib
0x0000000043113000 	/System/Library/Frameworks/Accelerate.framework/Versions/A/Accelerate
0x0000000043113000 	/System/Library/Frameworks/IOSurface.framework/Versions/A/IOSurface
0x0000000043113000 	/System/Library/Frameworks/AudioToolbox.framework/Versions/A/AudioToolbox
0x0000000043113000 	/System/Library/Frameworks/AudioUnit.framework/Versions/A/AudioUnit
0x0000000043113000 	/System/Library/PrivateFrameworks/DataDetectorsCore.framework/Versions/A/DataDetectorsCore
0x0000000043113000 	/System/Library/PrivateFrameworks/DesktopServicesPriv.framework/Versions/A/DesktopServicesPriv
0x0000000043113000 	/System/Library/Frameworks/Carbon.framework/Versions/A/Frameworks/HIToolbox.framework/Versions/A/HIToolbox
0x0000000043113000 	/usr/lib/libicucore.A.dylib
0x0000000043113000 	/System/Library/Frameworks/QuartzCore.framework/Versions/A/QuartzCore
0x0000000043113000 	/System/Library/Frameworks/Carbon.framework/Versions/A/Frameworks/SpeechRecognition.framework/Versions/A/SpeechRecognition
0x0000000043113000 	/usr/lib/libauto.dylib
0x0000000043113000 	/usr/lib/libxml2.2.dylib
0x0000000043113000 	/System/Library/PrivateFrameworks/CoreUI.framework/Versions/A/CoreUI
0x0000000043113000 	/System/Library/Frameworks/CoreAudio.framework/Versions/A/CoreAudio
0x0000000043113000 	/System/Library/Frameworks/DiskArbitration.framework/Versions/A/DiskArbitration
0x0000000043113000 	/usr/lib/liblangid.dylib
0x0000000043113000 	/System/Library/PrivateFrameworks/MultitouchSupport.framework/Versions/A/MultitouchSupport
0x0000000043113000 	/System/Library/Frameworks/IOKit.framework/Versions/A/IOKit
0x0000000043113000 	/usr/lib/libDiagnosticMessagesClient.dylib
0x0000000043113000 	/System/Library/Frameworks/CoreServices.framework/Versions/A/CoreServices
0x0000000043113000 	/System/Library/PrivateFrameworks/PerformanceAnalysis.framework/Versions/A/PerformanceAnalysis
0x0000000043113000 	/System/Library/PrivateFrameworks/GenerationalStorage.framework/Versions/A/GenerationalStorage
0x0000000043113000 	/System/Library/Frameworks/OpenGL.framework/Versions/A/OpenGL
0x0000000043113000 	/System/Library/Frameworks/CoreImage.framework/Versions/A/CoreImage
0x0000000043113000 	/System/Library/Frameworks/CoreText.framework/Versions/A/CoreText
0x0000000043113000 	/System/Library/Frameworks/ImageIO.framework/Versions/A/ImageIO
0x0000000043113000 	/System/Library/PrivateFrameworks/Backup.framework/Versions/A/Backup
0x0000000043113000 	/usr/lib/libarchive.2.dylib
0x0000000043113000 	/System/Library/Frameworks/CFNetwork.framework/Versions/A/CFNetwork
0x0000000043113000 	/System/Library/Frameworks/SystemConfiguration.framework/Versions/A/SystemConfiguration
0x0000000043113000 	/usr/lib/libCRFSuite.dylib
0x0000000043113000 	/usr/lib/libc++.1.dylib
0x0000000043113000 	/usr/lib/libc++abi.dylib
0x0000000043113000 	/usr/lib/system/libcache.dylib
0x0000000043113000 	/usr/lib/system/libcommonCrypto.dylib
0x0000000043113000 	/usr/lib/system/libcompiler_rt.dylib
0x0000000043113000 	/usr/lib/system/libcopyfile.dylib
0x0000000043113000 	/usr/lib/system/libcorecrypto.dylib
0x0000000043113000 	/usr/lib/system/libdispatch.dylib
0x0000000043113000 	/usr/lib/system/libdyld.dylib
0x0000000043113000 	/usr/lib/system/libkeymgr.dylib
0x0000000043113000 	/usr/lib/system/liblaunch.dylib
0x0000000043113000 	/usr/lib/system/libmacho.dylib
0x0000000043113000 	/usr/lib/system/libquarantine.dylib
0x0000000043113000 	/usr/lib/system/libremovefile.dylib
0x0000000043113000 	/usr/lib/system/libsystem_asl.dylib
0x0000000043113000 	/usr/lib/system/libsystem_blocks.dylib
0x0000000043113000 	/usr/lib/system/libsystem_c.dylib
0x0000000043113000 	/usr/lib/system/libsystem_configuration.dylib
0x0000000043113000 	/usr/lib/system/libsystem_coreservices.dylib
0x0000000043113000 	/usr/lib/system/libsystem_coretls.dylib
0x0000000043113000 	/usr/lib/system/libsystem_dnssd.dylib
0x0000000043113000 	/usr/lib/system/libsystem_info.dylib
0x0000000043113000 	/usr/lib/system/libsystem_kernel.dylib
0x0000000043113000 	/usr/lib/system/libsystem_m.dylib
0x0000000043113000 	/usr/lib/system/libsystem_malloc.dylib
0x0000000043113000 	/usr/lib/system/libsystem_network.dylib
0x0000000043113000 	/usr/lib/system/libsystem_networkextension.dylib
0x0000000043113000 	/usr/lib/system/libsystem_notify.dylib
0x0000000043113000 	/usr/lib/system/libsystem_platform.dylib
0x0000000043113000 	/usr/lib/system/libsystem_pthread.dylib
0x0000000043113000 	/usr/lib/system/libsystem_sandbox.dylib
0x0000000043113000 	/usr/lib/system/libsystem_secinit.dylib
0x0000000043113000 	/usr/lib/system/libsystem_symptoms.dylib
0x0000000043113000 	/usr/lib/system/libsystem_trace.dylib
0x0000000043113000 	/usr/lib/system/libunwind.dylib
0x0000000043113000 	/usr/lib/system/libxpc.dylib
0x0000000043113000 	/usr/lib/libbsm.0.dylib
0x0000000043113000 	/usr/lib/system/libkxld.dylib
0x0000000043113000 	/usr/lib/libcoretls.dylib
0x0000000043113000 	/usr/lib/libcoretls_cfhelpers.dylib
0x0000000043113000 	/usr/lib/libOpenScriptingUtil.dylib
0x0000000043113000 	/usr/lib/libpam.2.dylib
0x0000000043113000 	/usr/lib/libsqlite3.dylib
0x0000000043113000 	/usr/lib/libxar.1.dylib
0x0000000043113000 	/usr/lib/libbz2.1.0.dylib
0x0000000043113000 	/usr/lib/liblzma.5.dylib
0x0000000043113000 	/usr/lib/libnetwork.dylib
0x0000000043113000 	/usr/lib/libpcap.A.dylib
0x0000000043113000 	/System/Library/Frameworks/CoreServices.framework/Versions/A/Frameworks/FSEvents.framework/Versions/A/FSEvents
0x0000000043113000 	/System/Library/Frameworks/CoreServices.framework/Versions/A/Frameworks/CarbonCore.framework/Versions/A/CarbonCore
0x0000000043113000 	/System/Library/Frameworks/CoreServices.framework/Versions/A/Frameworks/Metadata.framework/Versions/A/Metadata
0x0000000043113000 	/System/Library/Frameworks/CoreServices.framework/Versions/A/Frameworks/OSServices.framework/Versions/A/OSServices
0x0000000043113000 	/System/Library/Frameworks/CoreServices.framework/Versions/A/Frameworks/SearchKit.framework/Versions/A/SearchKit
0x0000000043113000 	/System/Library/Frameworks/CoreServices.framework/Versions/A/Frameworks/AE.framework/Versions/A/AE
0x0000000043113000 	/System/Library/Frameworks/CoreServices.framework/Versions/A/Frameworks/LaunchServices.framework/Versions/A/LaunchServices
0x0000000043113000 	/System/Library/Frameworks/CoreServices.framework/Versions/A/Frameworks/DictionaryServices.framework/Versions/A/DictionaryServices
0x0000000043113000 	/System/Library/Frameworks/CoreServices.framework/Versions/A/Frameworks/SharedFileList.framework/Versions/A/SharedFileList
0x0000000043113000 	/System/Library/Frameworks/NetFS.framework/Versions/A/NetFS
0x0000000043113000 	/System/Library/PrivateFrameworks/NetAuth.framework/Versions/A/NetAuth
0x0000000043113000 	/System/Library/PrivateFrameworks/login.framework/Versions/A/Frameworks/loginsupport.framework/Versions/A/loginsupport
0x0000000043113000 	/System/Library/PrivateFrameworks/TCC.framework/Versions/A/TCC
0x0000000043113000 	/usr/lib/libmecabra.dylib
0x0000000043113000 	/System/Library/Frameworks/ApplicationServices.framework/Versions/A/Frameworks/ATS.framework/Versions/A/ATS
0x0000000043113000 	/System/Library/Frameworks/ApplicationServices.framework/Versions/A/Frameworks/ColorSync.framework/Versions/A/ColorSync
0x0000000043113000 	/System/Library/Frameworks/ApplicationServices.framework/Versions/A/Frameworks/HIServices.framework/Versions/A/HIServices
0x0000000043113000 	/System/Library/Frameworks/ApplicationServices.framework/Versions/A/Frameworks/LangAnalysis.framework/Versions/A/LangAnalysis
0x0000000043113000 	/System/Library/Frameworks/ApplicationServices.framework/Versions/A/Frameworks/PrintCore.framework/Versions/A/PrintCore
0x0000000043113000 	/System/Library/Frameworks/ApplicationServices.framework/Versions/A/Frameworks/QD.framework/Versions/A/QD
0x0000000043113000 	/System/Library/Frameworks/ApplicationServices.framework/Versions/A/Frameworks/SpeechSynthesis.framework/Versions/A/SpeechSynthesis
0x0000000043113000 	/System/Library/Frameworks/Accelerate.framework/Versions/A/Frameworks/vImage.framework/Versions/A/vImage
0x0000000043113000 	/System/Library/Frameworks/Accelerate.framework/Versions/A/Frameworks/vecLib.framework/Versions/A/vecLib
0x0000000043113000 	/System/Library/Frameworks/Accelerate.framework/Versions/A/Frameworks/vecLib.framework/Versions/A/libvDSP.dylib
0x0000000043113000 	/System/Library/Frameworks/Accelerate.framework/Versions/A/Frameworks/vecLib.framework/Versions/A/libBNNS.dylib
0x0000000043113000 	/System/Library/Frameworks/Accelerate.framework/Versions/A/Frameworks/vecLib.framework/Versions/A/libQuadrature.dylib
0x0000000043113000 	/System/Library/Frameworks/Accelerate.framework/Versions/A/Frameworks/vecLib.framework/Versions/A/libvMisc.dylib
0x0000000043113000 	/System/Library/Frameworks/Accelerate.framework/Versions/A/Frameworks/vecLib.framework/Versions/A/libLAPACK.dylib
0x0000000043113000 	/System/Library/Frameworks/Accelerate.framework/Versions/A/Frameworks/vecLib.framework/Versions/A/libBLAS.dylib
0x0000000043113000 	/System/Library/Frameworks/Accelerate.framework/Versions/A/Frameworks/vecLib.framework/Versions/A/libLinearAlgebra.dylib
0x0000000043113000 	/System/Library/Frameworks/Accelerate.framework/Versions/A/Frameworks/vecLib.framework/Versions/A/libSparseBLAS.dylib
0x0000000043113000 	/System/Library/Frameworks/ApplicationServices.framework/Versions/A/Frameworks/ATS.framework/Versions/A/Resources/libFontParser.dylib
0x0000000043113000 	/System/Library/Frameworks/ApplicationServices.framework/Versions/A/Frameworks/ATS.framework/Versions/A/Resources/libFontRegistry.dylib
0x0000000043113000 	/System/Library/Frameworks/ImageIO.framework/Versions/A/Resources/libJPEG.dylib
0x0000000043113000 	/System/Library/Frameworks/ImageIO.framework/Versions/A/Resources/libTIFF.dylib
0x0000000043113000 	/System/Library/Frameworks/ImageIO.framework/Versions/A/Resources/libPng.dylib
0x0000000043113000 	/System/Library/Frameworks/ImageIO.framework/Versions/A/Resources/libGIF.dylib
0x0000000043113000 	/System/Library/Frameworks/ImageIO.framework/Versions/A/Resources/libJP2.dylib
0x0000000043113000 	/System/Library/Frameworks/ImageIO.framework/Versions/A/Resources/libRadiance.dylib
0x0000000043113000 	/usr/lib/libcompression.dylib
0x0000000043113000 	/System/Library/PrivateFrameworks/AppleJPEG.framework/Versions/A/AppleJPEG
0x0000000043113000 	/usr/lib/libcups.2.dylib
0x0000000043113000 	/System/Library/Frameworks/Kerberos.framework/Versions/A/Kerberos
0x0000000043113000 	/System/Library/Frameworks/GSS.framework/Versions/A/GSS
0x0000000043113000 	/usr/lib/libresolv.9.dylib
0x0000000043113000 	/usr/lib/libiconv.2.dylib
0x0000000043113000 	/System/Library/PrivateFrameworks/Heimdal.framework/Versions/A/Heimdal
0x0000000043113000 	/usr/lib/libheimdal-asn1.dylib
0x0000000043113000 	/System/Library/Frameworks/OpenDirectory.framework/Versions/A/OpenDirectory
0x0000000043113000 	/System/Library/PrivateFrameworks/CommonAuth.framework/Versions/A/CommonAuth
0x0000000043113000 	/System/Library/Frameworks/OpenDirectory.framework/Versions/A/Frameworks/CFOpenDirectory.framework/Versions/A/CFOpenDirectory
0x0000000043113000 	/System/Library/Frameworks/SecurityFoundation.framework/Versions/A/SecurityFoundation
0x0000000043113000 	/System/Library/PrivateFrameworks/LanguageModeling.framework/Versions/A/LanguageModeling
0x0000000043113000 	/usr/lib/libmarisa.dylib
0x0000000043113000 	/usr/lib/libChineseTokenizer.dylib
0x0000000043113000 	/usr/lib/libcmph.dylib
0x0000000043113000 	/System/Library/PrivateFrameworks/CoreEmoji.framework/Versions/A/CoreEmoji
0x0000000043113000 	/System/Library/Frameworks/ServiceManagement.framework/Versions/A/ServiceManagement
0x0000000043113000 	/usr/lib/libxslt.1.dylib
0x0000000043113000 	/System/Library/Frameworks/Carbon.framework/Versions/A/Frameworks/Ink.framework/Versions/A/Ink
0x0000000043113000 	/System/Library/PrivateFrameworks/TextureIO.framework/Versions/A/TextureIO
0x0000000043113000 	/System/Library/Frameworks/Metal.framework/Versions/A/Metal
0x0000000043113000 	/usr/lib/libate.dylib
0x0000000043113000 	/System/Library/PrivateFrameworks/GPUCompiler.framework/libmetal_timestamp.dylib
0x0000000043113000 	/System/Library/Frameworks/OpenGL.framework/Versions/A/Libraries/libCoreFSCache.dylib
0x0000000043113000 	/System/Library/PrivateFrameworks/IOAccelerator.framework/Versions/A/IOAccelerator
0x0000000043113000 	/System/Library/Frameworks/CoreVideo.framework/Versions/A/CoreVideo
0x0000000043113000 	/usr/lib/libFosl_dynamic.dylib
0x0000000043113000 	/System/Library/PrivateFrameworks/MetalPerformanceShaders.framework/Versions/A/MetalPerformanceShaders
0x0000000043113000 	/System/Library/PrivateFrameworks/FaceCore.framework/Versions/A/FaceCore
0x0000000043113000 	/System/Library/Frameworks/OpenCL.framework/Versions/A/OpenCL
0x0000000043113000 	/System/Library/Frameworks/OpenGL.framework/Versions/A/Libraries/libGLU.dylib
0x0000000043113000 	/System/Library/Frameworks/OpenGL.framework/Versions/A/Libraries/libGFXShared.dylib
0x0000000043113000 	/System/Library/Frameworks/OpenGL.framework/Versions/A/Libraries/libGL.dylib
0x0000000043113000 	/System/Library/Frameworks/OpenGL.framework/Versions/A/Libraries/libGLImage.dylib
0x0000000043113000 	/System/Library/Frameworks/OpenGL.framework/Versions/A/Libraries/libCVMSPluginSupport.dylib
0x0000000043113000 	/System/Library/Frameworks/OpenGL.framework/Versions/A/Libraries/libCoreVMClient.dylib
0x0000000043113000 	/System/Library/PrivateFrameworks/CrashReporterSupport.framework/Versions/A/CrashReporterSupport
0x0000000043113000 	/System/Library/PrivateFrameworks/Sharing.framework/Versions/A/Sharing
0x0000000043113000 	/System/Library/PrivateFrameworks/IconServices.framework/Versions/A/IconServices
0x0000000043113000 	/System/Library/PrivateFrameworks/ProtocolBuffer.framework/Versions/A/ProtocolBuffer
0x0000000043113000 	/System/Library/PrivateFrameworks/Apple80211.framework/Versions/A/Apple80211
0x0000000043113000 	/System/Library/Frameworks/CoreWLAN.framework/Versions/A/CoreWLAN
0x0000000043113000 	/System/Library/PrivateFrameworks/CoreUtils.framework/Versions/A/CoreUtils
0x0000000043113000 	/System/Library/Frameworks/IOBluetooth.framework/Versions/A/IOBluetooth
0x0000000043113000 	/System/Library/PrivateFrameworks/CoreWiFi.framework/Versions/A/CoreWiFi
0x0000000043113000 	/System/Library/Frameworks/CoreBluetooth.framework/Versions/A/CoreBluetooth
0x0000000043113000 	/System/Library/Frameworks/CoreDisplay.framework/Versions/A/CoreDisplay
0x0000000043113000 	/System/Library/PrivateFrameworks/IOPresentment.framework/Versions/A/IOPresentment
0x0000000043113000 	/System/Library/PrivateFrameworks/DSExternalDisplay.framework/Versions/A/DSExternalDisplay
0x0000000043113000 	/System/Library/PrivateFrameworks/DebugSymbols.framework/Versions/A/DebugSymbols
0x0000000043113000 	/System/Library/PrivateFrameworks/CoreSymbolication.framework/Versions/A/CoreSymbolication
0x0000000043113000 	/System/Library/PrivateFrameworks/Symbolication.framework/Versions/A/Symbolication
0x0000000043113000 	/System/Library/PrivateFrameworks/AppleFSCompression.framework/Versions/A/AppleFSCompression
0x0000000043113000 	/System/Library/PrivateFrameworks/SpeechRecognitionCore.framework/Versions/A/SpeechRecognitionCore
0x0000000043113000 	/System/Library/PrivateFrameworks/ChunkingLibrary.framework/Versions/A/ChunkingLibrary
0x000000010b81b000 	/System/Library/CoreServices/Encodings/libSimplifiedChineseConverter.dylib
0x000000010c200000 	/Library/Java/JavaVirtualMachines/jdk1.8.0_152.jdk/Contents/Home/jre/lib/server/libjvm.dylib
0x0000000043113000 	/usr/lib/libstdc++.6.dylib
0x000000010b891000 	/Library/Java/JavaVirtualMachines/jdk1.8.0_152.jdk/Contents/Home/jre/lib/libverify.dylib
0x000000010b89f000 	/Library/Java/JavaVirtualMachines/jdk1.8.0_152.jdk/Contents/Home/jre/lib/libjava.dylib
0x000000010b8df000 	/Library/Java/JavaVirtualMachines/jdk1.8.0_152.jdk/Contents/Home/jre/lib/libzip.dylib
0x00000001214a7000 	/Library/Java/JavaVirtualMachines/jdk1.8.0_152.jdk/Contents/Home/jre/lib/libnet.dylib
0x0000000121506000 	/Library/Java/JavaVirtualMachines/jdk1.8.0_152.jdk/Contents/Home/jre/lib/libnio.dylib

VM Arguments:
jvm_args: -Djline.terminal=jline.UnsupportedTerminal -Dsbt.log.noformat=true -Dfile.encoding=UTF-8 -Xmx768M -XX:MaxPermSize=384M 
java_command: /Users/user/Library/Application Support/IntelliJIdea2017.1/Scala/launcher/sbt-launch.jar
java_class_path (initial): /Users/user/Library/Application Support/IntelliJIdea2017.1/Scala/launcher/sbt-launch.jar
Launcher Type: SUN_STANDARD

Environment Variables:
PATH=/usr/bin:/bin:/usr/sbin:/sbin
SHELL=/bin/bash

Signal Handlers:
SIGSEGV: [libjvm.dylib+0x581661], sa_mask[0]=11111111011111110111111111111111, sa_flags=SA_ONSTACK|SA_RESTART|SA_SIGINFO
SIGBUS: [libjvm.dylib+0x581661], sa_mask[0]=11111111011111110111111111111111, sa_flags=SA_RESTART|SA_SIGINFO
SIGFPE: [libjvm.dylib+0x45a504], sa_mask[0]=11111111011111110111111111111111, sa_flags=SA_RESTART|SA_SIGINFO
SIGPIPE: [libjvm.dylib+0x45a504], sa_mask[0]=11111111011111110111111111111111, sa_flags=SA_RESTART|SA_SIGINFO
SIGXFSZ: [libjvm.dylib+0x45a504], sa_mask[0]=11111111011111110111111111111111, sa_flags=SA_RESTART|SA_SIGINFO
SIGILL: [libjvm.dylib+0x45a504], sa_mask[0]=11111111011111110111111111111111, sa_flags=SA_RESTART|SA_SIGINFO
SIGUSR1: SIG_DFL, sa_mask[0]=00000000000000000000000000000000, sa_flags=none
SIGUSR2: [libjvm.dylib+0x45a022], sa_mask[0]=00100000000000000000000000000000, sa_flags=SA_RESTART|SA_SIGINFO
SIGHUP: [libjvm.dylib+0x4585f9], sa_mask[0]=11111111011111110111111111111111, sa_flags=SA_RESTART|SA_SIGINFO
SIGINT: [libjvm.dylib+0x4585f9], sa_mask[0]=11111111011111110111111111111111, sa_flags=SA_RESTART|SA_SIGINFO
SIGTERM: [libjvm.dylib+0x4585f9], sa_mask[0]=11111111011111110111111111111111, sa_flags=SA_RESTART|SA_SIGINFO
SIGQUIT: [libjvm.dylib+0x4585f9], sa_mask[0]=11111111011111110111111111111111, sa_flags=SA_RESTART|SA_SIGINFO


---------------  S Y S T E M  ---------------

OS:Bsduname:Darwin 16.6.0 Darwin Kernel Version 16.6.0: Fri Apr 14 16:21:16 PDT 2017; root:xnu-3789.60.24~6/RELEASE_X86_64 x86_64
rlimit: STACK 8192k, CORE 0k, NPROC 709, NOFILE 10240, AS infinity
load average:12.48 12.12 11.70

CPU:total 4 (initial active 4) (2 cores per cpu, 2 threads per core) family 6 model 61 stepping 4, cmov, cx8, fxsr, mmx, sse, sse2, sse3, ssse3, sse4.1, sse4.2, popcnt, avx, avx2, aes, clmul, erms, 3dnowpref, lzcnt, ht, tsc, tscinvbit, bmi1, bmi2, adx

Memory: 4k page, physical 8388608k(16752k free)

/proc/meminfo:


vm_info: Java HotSpot(TM) 64-Bit Server VM (25.152-b04) for bsd-amd64 JRE (1.8.0_152-ea-b04), built on May 17 2017 00:36:43 by "java_re" with gcc 4.2.1 (Based on Apple Inc. build 5658) (LLVM build 2336.11.00)

time: Thu Jun 22 14:36:04 2017
elapsed time: 10 seconds (0d 0h 0m 10s)

